
20230718 08:37:04 ERROR: Time Out! Cannot locate the element. 時間到！無法定位到該元件。
Traceback (most recent call last):
  File "C:\FileConverter\Library\Website\web_control.py", line 93, in element_wait
    WebDriverWait(self.driver, time).until(EC.element_to_be_clickable((By.XPATH, element)))
  File "C:\Users\HsiehJa\AppData\Local\Programs\Python\Python311\Lib\site-packages\selenium\webdriver\support\wait.py", line 86, in until
    value = method(self._driver)
            ^^^^^^^^^^^^^^^^^^^^
  File "C:\Users\HsiehJa\AppData\Local\Programs\Python\Python311\Lib\site-packages\selenium\webdriver\support\expected_conditions.py", line 334, in _predicate
    target = driver.find_element(*target)  # grab element at locator
             ^^^^^^^^^^^^^^^^^^^^^^^^^^^^
  File "C:\Users\HsiehJa\AppData\Local\Programs\Python\Python311\Lib\site-packages\selenium\webdriver\remote\webdriver.py", line 830, in find_element
    return self.execute(Command.FIND_ELEMENT, {"using": by, "value": value})["value"]
           ^^^^^^^^^^^^^^^^^^^^^^^^^^^^^^^^^^^^^^^^^^^^^^^^^^^^^^^^^^^^^^^^^
  File "C:\Users\HsiehJa\AppData\Local\Programs\Python\Python311\Lib\site-packages\selenium\webdriver\remote\webdriver.py", line 440, in execute
    self.error_handler.check_response(response)
  File "C:\Users\HsiehJa\AppData\Local\Programs\Python\Python311\Lib\site-packages\selenium\webdriver\remote\errorhandler.py", line 245, in check_response
    raise exception_class(message, screen, stacktrace)
selenium.common.exceptions.NoSuchWindowException: Message: no such window: target window already closed
from unknown error: web view not found
  (Session info: chrome=114.0.5735.199)
Stacktrace:
Backtrace:
	GetHandleVerifier [0x00B4A813+48355]
	(No symbol) [0x00ADC4B1]
	(No symbol) [0x009E5358]
	(No symbol) [0x009CD293]
	(No symbol) [0x00A2E37B]
	(No symbol) [0x00A3C473]
	(No symbol) [0x00A2A536]
	(No symbol) [0x00A082DC]
	(No symbol) [0x00A093DD]
	GetHandleVerifier [0x00DAAABD+2539405]
	GetHandleVerifier [0x00DEA78F+2800735]
	GetHandleVerifier [0x00DE456C+2775612]
	GetHandleVerifier [0x00BD51E0+616112]
	(No symbol) [0x00AE5F8C]
	(No symbol) [0x00AE2328]
	(No symbol) [0x00AE240B]
	(No symbol) [0x00AD4FF7]
	BaseThreadInitThunk [0x773400C9+25]
	RtlGetAppContainerNamedObjectPath [0x77B67B4E+286]
	RtlGetAppContainerNamedObjectPath [0x77B67B1E+238]


20230718 08:37:04 ERROR: Cannot get the target element. 無法獲取目標元件。
Traceback (most recent call last):
  File "C:\FileConverter\Library\Website\web_control.py", line 50, in get_element
    self.element_wait(element, 3)
  File "C:\FileConverter\Library\Website\web_control.py", line 93, in element_wait
    WebDriverWait(self.driver, time).until(EC.element_to_be_clickable((By.XPATH, element)))
  File "C:\Users\HsiehJa\AppData\Local\Programs\Python\Python311\Lib\site-packages\selenium\webdriver\support\wait.py", line 86, in until
    value = method(self._driver)
            ^^^^^^^^^^^^^^^^^^^^
  File "C:\Users\HsiehJa\AppData\Local\Programs\Python\Python311\Lib\site-packages\selenium\webdriver\support\expected_conditions.py", line 334, in _predicate
    target = driver.find_element(*target)  # grab element at locator
             ^^^^^^^^^^^^^^^^^^^^^^^^^^^^
  File "C:\Users\HsiehJa\AppData\Local\Programs\Python\Python311\Lib\site-packages\selenium\webdriver\remote\webdriver.py", line 830, in find_element
    return self.execute(Command.FIND_ELEMENT, {"using": by, "value": value})["value"]
           ^^^^^^^^^^^^^^^^^^^^^^^^^^^^^^^^^^^^^^^^^^^^^^^^^^^^^^^^^^^^^^^^^
  File "C:\Users\HsiehJa\AppData\Local\Programs\Python\Python311\Lib\site-packages\selenium\webdriver\remote\webdriver.py", line 440, in execute
    self.error_handler.check_response(response)
  File "C:\Users\HsiehJa\AppData\Local\Programs\Python\Python311\Lib\site-packages\selenium\webdriver\remote\errorhandler.py", line 245, in check_response
    raise exception_class(message, screen, stacktrace)
selenium.common.exceptions.NoSuchWindowException: Message: no such window: target window already closed
from unknown error: web view not found
  (Session info: chrome=114.0.5735.199)
Stacktrace:
Backtrace:
	GetHandleVerifier [0x00B4A813+48355]
	(No symbol) [0x00ADC4B1]
	(No symbol) [0x009E5358]
	(No symbol) [0x009CD293]
	(No symbol) [0x00A2E37B]
	(No symbol) [0x00A3C473]
	(No symbol) [0x00A2A536]
	(No symbol) [0x00A082DC]
	(No symbol) [0x00A093DD]
	GetHandleVerifier [0x00DAAABD+2539405]
	GetHandleVerifier [0x00DEA78F+2800735]
	GetHandleVerifier [0x00DE456C+2775612]
	GetHandleVerifier [0x00BD51E0+616112]
	(No symbol) [0x00AE5F8C]
	(No symbol) [0x00AE2328]
	(No symbol) [0x00AE240B]
	(No symbol) [0x00AD4FF7]
	BaseThreadInitThunk [0x773400C9+25]
	RtlGetAppContainerNamedObjectPath [0x77B67B4E+286]
	RtlGetAppContainerNamedObjectPath [0x77B67B1E+238]

